-------------------------------------------------------------------------------
Test set: com.moso.springkeycloak.SpringKeycloakApplicationTests
-------------------------------------------------------------------------------
Tests run: 1, Failures: 0, Errors: 1, Skipped: 0, Time elapsed: 1.79 s <<< FAILURE! - in com.moso.springkeycloak.SpringKeycloakApplicationTests
contextLoads  Time elapsed: 0.001 s  <<< ERROR!
java.lang.IllegalStateException: Failed to load ApplicationContext
Caused by: org.springframework.beans.factory.UnsatisfiedDependencyException: Error creating bean with name 'springController': Unsatisfied dependency expressed through field 'keyCloakService'; nested exception is org.springframework.beans.factory.BeanCreationException: Error creating bean with name 'keyCloakService': Injection of autowired dependencies failed; nested exception is java.lang.IllegalArgumentException: Could not resolve placeholder 'keycloak.credentials.secret' in value "${keycloak.credentials.secret}"
Caused by: org.springframework.beans.factory.BeanCreationException: Error creating bean with name 'keyCloakService': Injection of autowired dependencies failed; nested exception is java.lang.IllegalArgumentException: Could not resolve placeholder 'keycloak.credentials.secret' in value "${keycloak.credentials.secret}"
Caused by: java.lang.IllegalArgumentException: Could not resolve placeholder 'keycloak.credentials.secret' in value "${keycloak.credentials.secret}"

